2008-10-15 15:23:46 Notice: Notice (1024): Please change the value of 'Security.salt' in app/config/core.php to a salt value specific to your application in [CORE/cake/libs/debugger.php, line 541]
2008-10-15 15:25:21 Notice: Notice (1024): Please change the value of 'Security.salt' in app/config/core.php to a salt value specific to your application in [CORE/cake/libs/debugger.php, line 541]
2008-11-07 16:52:32 Notice: Notice (8): Undefined variable: regionsCategory in [APP/views/regions/category.ctp, line 3]
2008-11-07 16:52:32 Notice: Notice (8): Undefined variable: regionsCategory in [APP/views/regions/category.ctp, line 5]
2008-11-07 16:53:19 Notice: Notice (8): Undefined variable: regionsCategory in [APP/views/regions/category.ctp, line 5]
2008-11-07 16:53:49 Notice: Notice (8): Undefined variable: region in [APP/views/regions/category.ctp, line 44]
2008-11-07 16:56:16 Notice: Notice (8): Undefined variable: regionsCategory in [APP/views/regions/category.ctp, line 5]
2008-11-07 16:56:39 Notice: Notice (8): Undefined variable: regionsCategory in [APP/views/regions/category.ctp, line 8]
2008-12-18 11:25:21 Notice: Notice (8): Undefined index:  RegionsCategory in [APP/views/regions/view.ctp, line 99]
2008-12-18 11:26:02 Notice: Notice (8): Undefined index:  RegionsCategory in [APP/views/regions/view.ctp, line 99]
2008-12-18 11:33:14 Notice: Notice (8): Undefined index:  Category in [APP/controllers/regions_controller.php, line 25]
2008-12-18 11:33:14 Notice: Notice (8): Undefined variable: count in [APP/controllers/regions_controller.php, line 26]
2008-12-18 11:33:35 Notice: Notice (8): Undefined index:  id in [APP/views/regions/view.ctp, line 98]
2008-12-18 11:33:35 Notice: Notice (8): Undefined index:  title in [APP/views/regions/view.ctp, line 99]
2008-12-18 11:33:35 Notice: Notice (8): Undefined index:  id in [APP/views/regions/view.ctp, line 99]
2008-12-18 11:33:35 Notice: Notice (8): Undefined index:  RegionsCategory in [APP/views/regions/view.ctp, line 99]
2008-12-18 11:33:35 Notice: Notice (8): Undefined index:  created in [APP/views/regions/view.ctp, line 100]
2008-12-18 11:33:35 Notice: Notice (8): Undefined index:  modified in [APP/views/regions/view.ctp, line 101]
2008-12-18 11:33:35 Notice: Notice (8): Undefined index:  id in [APP/views/regions/view.ctp, line 103]
2008-12-18 11:58:13 Notice: Notice (8): Undefined offset:  0 in [APP/views/regions/view.ctp, line 159]
2008-12-18 12:07:17 Notice: Notice (8): Undefined index:  Category in [APP/controllers/regions_controller.php, line 184]
2008-12-18 12:07:18 Notice: Notice (8): Undefined offset:  0 in [APP/views/regions/view.ctp, line 159]
2008-12-18 12:10:42 Notice: Notice (8): Undefined offset:  0 in [APP/views/regions/view.ctp, line 159]
2008-12-18 12:10:43 Notice: Notice (8): Undefined offset:  0 in [APP/views/regions/view.ctp, line 159]
2008-12-18 12:11:05 Notice: Notice (8): Undefined offset:  0 in [APP/views/regions/view.ctp, line 159]
