2008-11-07 16:44:59 Warning: Warning (512): <span style = "color:Red;text-align:left"><b>SQL Error:</b> 1109: Unknown table 'Region' in where clause</span> in [CORE/cake/libs/model/datasources/dbo_source.php, line 526]
2008-11-07 16:45:26 Warning: Warning (512): <span style = "color:Red;text-align:left"><b>SQL Error:</b> 1109: Unknown table 'Region' in where clause</span> in [CORE/cake/libs/model/datasources/dbo_source.php, line 526]
2008-11-07 16:45:48 Warning: Warning (512): <span style = "color:Red;text-align:left"><b>SQL Error:</b> 1109: Unknown table 'Region' in where clause</span> in [CORE/cake/libs/model/datasources/dbo_source.php, line 526]
2008-11-07 16:46:11 Warning: Warning (512): <span style = "color:Red;text-align:left"><b>SQL Error:</b> 1109: Unknown table 'Region' in where clause</span> in [CORE/cake/libs/model/datasources/dbo_source.php, line 526]
2008-11-07 16:46:24 Warning: Warning (512): <span style = "color:Red;text-align:left"><b>SQL Error:</b> 1109: Unknown table 'Region' in where clause</span> in [CORE/cake/libs/model/datasources/dbo_source.php, line 526]
2008-11-07 16:46:52 Warning: Warning (512): <span style = "color:Red;text-align:left"><b>SQL Error:</b> 1109: Unknown table 'Region' in where clause</span> in [CORE/cake/libs/model/datasources/dbo_source.php, line 526]
2008-11-07 16:47:13 Warning: Warning (512): <span style = "color:Red;text-align:left"><b>SQL Error:</b> 1109: Unknown table 'Region' in where clause</span> in [CORE/cake/libs/model/datasources/dbo_source.php, line 526]
2008-11-07 16:47:25 Warning: Warning (512): <span style = "color:Red;text-align:left"><b>SQL Error:</b> 1109: Unknown table 'Region' in where clause</span> in [CORE/cake/libs/model/datasources/dbo_source.php, line 526]
2008-11-07 16:47:33 Warning: Warning (512): <span style = "color:Red;text-align:left"><b>SQL Error:</b> 1109: Unknown table 'Region' in where clause</span> in [CORE/cake/libs/model/datasources/dbo_source.php, line 526]
2008-11-07 16:47:40 Warning: Warning (512): <span style = "color:Red;text-align:left"><b>SQL Error:</b> 1109: Unknown table 'Region' in where clause</span> in [CORE/cake/libs/model/datasources/dbo_source.php, line 526]
2008-11-07 16:49:54 Warning: Warning (512): <span style = "color:Red;text-align:left"><b>SQL Error:</b> 1109: Unknown table 'Region' in where clause</span> in [CORE/cake/libs/model/datasources/dbo_source.php, line 526]
2008-11-07 16:50:21 Warning: Warning (512): <span style = "color:Red;text-align:left"><b>SQL Error:</b> 1109: Unknown table 'Region' in where clause</span> in [CORE/cake/libs/model/datasources/dbo_source.php, line 526]
2008-11-07 16:50:31 Warning: Warning (512): <span style = "color:Red;text-align:left"><b>SQL Error:</b> 1109: Unknown table 'Region' in where clause</span> in [CORE/cake/libs/model/datasources/dbo_source.php, line 526]
2008-11-07 16:50:46 Warning: Warning (512): <span style = "color:Red;text-align:left"><b>SQL Error:</b> 1109: Unknown table 'Region' in where clause</span> in [CORE/cake/libs/model/datasources/dbo_source.php, line 526]
2008-11-07 16:51:35 Warning: Warning (512): <span style = "color:Red;text-align:left"><b>SQL Error:</b> 1109: Unknown table 'Region' in where clause</span> in [CORE/cake/libs/model/datasources/dbo_source.php, line 526]
2008-11-07 16:52:02 Warning: Warning (512): <span style = "color:Red;text-align:left"><b>SQL Error:</b> 1109: Unknown table 'Region' in where clause</span> in [CORE/cake/libs/model/datasources/dbo_source.php, line 526]
2008-11-13 17:02:29 Warning: Warning (2): mysql_query() [<a href='http://php.net/function.mysql-query'>function.mysql-query</a>]: Unable to save result set in [CORE/cake/libs/model/datasources/dbo/dbo_mysql.php, line 152]
2008-11-13 17:02:54 Warning: Warning (2): mysql_query() [<a href='http://php.net/function.mysql-query'>function.mysql-query</a>]: Unable to save result set in [CORE/cake/libs/model/datasources/dbo/dbo_mysql.php, line 152]
2008-11-13 17:04:36 Warning: Warning (2): mysql_query() [<a href='http://php.net/function.mysql-query'>function.mysql-query</a>]: Unable to save result set in [CORE/cake/libs/model/datasources/dbo/dbo_mysql.php, line 152]
2008-11-13 17:04:43 Warning: Warning (2): mysql_query() [<a href='http://php.net/function.mysql-query'>function.mysql-query</a>]: Unable to save result set in [CORE/cake/libs/model/datasources/dbo/dbo_mysql.php, line 152]
2008-11-13 17:07:36 Warning: Warning (2): mysql_query() [<a href='http://php.net/function.mysql-query'>function.mysql-query</a>]: Unable to save result set in [CORE/cake/libs/model/datasources/dbo/dbo_mysql.php, line 152]
2008-11-15 10:37:46 Warning: Warning (2): mysql_connect() [<a href='http://php.net/function.mysql-connect'>function.mysql-connect</a>]: Unknown MySQL server host 'XXXprofessorx.nu-designs.com' (1) in [CORE/cake/libs/model/datasources/dbo/dbo_mysql.php, line 115]
2008-11-15 10:37:46 Warning: Warning (2): mysql_select_db(): supplied argument is not a valid MySQL-Link resource in [CORE/cake/libs/model/datasources/dbo/dbo_mysql.php, line 120]
2008-11-15 10:37:46 Warning: Warning (2): mysql_get_server_info(): supplied argument is not a valid MySQL-Link resource in [CORE/cake/libs/model/datasources/dbo/dbo_mysql.php, line 128]
2008-11-15 10:37:46 Warning: Warning (2): mysql_query(): supplied argument is not a valid MySQL-Link resource in [CORE/cake/libs/model/datasources/dbo/dbo_mysql.php, line 152]
2008-12-18 11:50:18 Warning: Warning (512): <span style = "color:Red;text-align:left"><b>SQL Error:</b> 1109: Unknown table 'Company' in field list</span> in [CORE/cake/libs/model/datasources/dbo_source.php, line 526]
2008-12-18 11:58:13 Warning: Warning (512): <span style = "color:Red;text-align:left"><b>SQL Error:</b> 1109: Unknown table 'Company' in field list</span> in [CORE/cake/libs/model/datasources/dbo_source.php, line 526]
2008-12-18 11:58:13 Warning: Warning (2): Invalid argument supplied for foreach() in [APP/controllers/regions_controller.php, line 168]
2008-12-18 12:00:44 Warning: Warning (512): <span style = "color:Red;text-align:left"><b>SQL Error:</b> 1109: Unknown table 'Company' in field list</span> in [CORE/cake/libs/model/datasources/dbo_source.php, line 526]
2008-12-18 12:00:54 Warning: Warning (512): <span style = "color:Red;text-align:left"><b>SQL Error:</b> 1054: Unknown column 'Region.Company' in 'field list'</span> in [CORE/cake/libs/model/datasources/dbo_source.php, line 526]
2008-12-18 12:01:06 Warning: Warning (512): <span style = "color:Red;text-align:left"><b>SQL Error:</b> 1109: Unknown table 'RegionCompany' in field list</span> in [CORE/cake/libs/model/datasources/dbo_source.php, line 526]
2008-12-18 12:05:20 Warning: Warning (512): <span style = "color:Red;text-align:left"><b>SQL Error:</b> 1054: Unknown column 'Company.status' in 'field list'</span> in [CORE/cake/libs/model/datasources/dbo_source.php, line 526]
2008-12-18 12:07:17 Warning: Warning (2): Invalid argument supplied for foreach() in [APP/controllers/regions_controller.php, line 184]
2008-12-18 12:10:42 Warning: Warning (2): Invalid argument supplied for foreach() in [APP/controllers/regions_controller.php, line 213]
2008-12-18 12:10:43 Warning: Warning (2): Invalid argument supplied for foreach() in [APP/controllers/regions_controller.php, line 213]
2008-12-18 12:11:04 Warning: Warning (2): Invalid argument supplied for foreach() in [APP/controllers/regions_controller.php, line 213]
